<?xml version="1.0" encoding="UTF-8"?>
<testng-results ignored="0" total="1" passed="1" failed="0" skipped="0">
  <reporter-output>
  </reporter-output>
  <suite started-at="2026-05-20T10:27:27 IST" name="Surefire suite" finished-at="2026-05-20T10:27:34 IST" duration-ms="7467">
    <groups>
    </groups>
    <test started-at="2026-05-20T10:27:27 IST" name="Surefire test" finished-at="2026-05-20T10:27:34 IST" duration-ms="7467">
      <class name="Simple.Project1">
        <test-method signature="login()[pri:0, instance:Simple.Project1@4206a205]" started-at="2026-05-20T10:27:27 IST" name="login" finished-at="2026-05-20T10:27:34 IST" duration-ms="7378" status="PASS">
          <reporter-output>
          </reporter-output>
        </test-method> <!-- login -->
      </class> <!-- Simple.Project1 -->
    </test> <!-- Surefire test -->
  </suite> <!-- Surefire suite -->
</testng-results>
